Using pre-set license
Built from '2022.3/staging' branch; Version is '2022.3.10f1 (ff3792e53c62) revision 16725906'; Using compiler version '192829333'; Build Type 'Release'
OS: 'Windows 11  (10.0.22631) 64bit Core' Language: 'de' Physical Memory: 32452 MB
BatchMode: 1, IsHumanControllingUs: 0, StartBugReporterOnCrash: 0, Is64bit: 1, IsPro: 1

COMMAND LINE ARGUMENTS:
C:\Program Files\Unity\Hub\Editor\2022.3.10f1\Editor\Unity.exe
-adb2
-batchMode
-noUpm
-name
AssetImportWorker4
-projectPath
C:/Users/jonas/source/repos/Pain Train
-logFile
Logs/AssetImportWorker4.log
-srvPort
62609
Successfully changed project path to: C:/Users/jonas/source/repos/Pain Train
C:/Users/jonas/source/repos/Pain Train
[UnityMemory] Configuration Parameters - Can be set up in boot.config
    "memorysetup-bucket-allocator-granularity=16"
    "memorysetup-bucket-allocator-bucket-count=8"
    "memorysetup-bucket-allocator-block-size=33554432"
    "memorysetup-bucket-allocator-block-count=8"
    "memorysetup-main-allocator-block-size=16777216"
    "memorysetup-thread-allocator-block-size=16777216"
    "memorysetup-gfx-main-allocator-block-size=16777216"
    "memorysetup-gfx-thread-allocator-block-size=16777216"
    "memorysetup-cache-allocator-block-size=4194304"
    "memorysetup-typetree-allocator-block-size=2097152"
    "memorysetup-profiler-bucket-allocator-granularity=16"
    "memorysetup-profiler-bucket-allocator-bucket-count=8"
    "memorysetup-profiler-bucket-allocator-block-size=33554432"
    "memorysetup-profiler-bucket-allocator-block-count=8"
    "memorysetup-profiler-allocator-block-size=16777216"
    "memorysetup-profiler-editor-allocator-block-size=1048576"
    "memorysetup-temp-allocator-size-main=16777216"
    "memorysetup-job-temp-allocator-block-size=2097152"
    "memorysetup-job-temp-allocator-block-size-background=1048576"
    "memorysetup-job-temp-allocator-reduction-small-platforms=262144"
    "memorysetup-allocator-temp-initial-block-size-main=262144"
    "memorysetup-allocator-temp-initial-block-size-worker=262144"
    "memorysetup-temp-allocator-size-background-worker=32768"
    "memorysetup-temp-allocator-size-job-worker=262144"
    "memorysetup-temp-allocator-size-preload-manager=33554432"
    "memorysetup-temp-allocator-size-nav-mesh-worker=65536"
    "memorysetup-temp-allocator-size-audio-worker=65536"
    "memorysetup-temp-allocator-size-cloud-worker=32768"
    "memorysetup-temp-allocator-size-gi-baking-worker=262144"
    "memorysetup-temp-allocator-size-gfx=262144"
Player connection [32688] Host "[IP] 192.168.2.173 [Port] 0 [Flags] 2 [Guid] 1067159928 [EditorId] 1067159928 [Version] 1048832 [Id] WindowsEditor(7,JLGPL) [Debug] 1 [PackageName] WindowsEditor [ProjectName] Editor" joined multi-casting on [225.0.0.222:54997]...

Player connection [32688] Host "[IP] 192.168.2.173 [Port] 0 [Flags] 2 [Guid] 1067159928 [EditorId] 1067159928 [Version] 1048832 [Id] WindowsEditor(7,JLGPL) [Debug] 1 [PackageName] WindowsEditor [ProjectName] Editor" joined alternative multi-casting on [225.0.0.222:34997]...

[Physics::Module] Initialized MultithreadedJobDispatcher with 19 workers.
Refreshing native plugins compatible for Editor in 204.15 ms, found 3 plugins.
Preloading 0 native plugins for Editor in 0.00 ms.
Initialize engine version: 2022.3.10f1 (ff3792e53c62)
[Subsystems] Discovering subsystems at path C:/Program Files/Unity/Hub/Editor/2022.3.10f1/Editor/Data/Resources/UnitySubsystems
[Subsystems] Discovering subsystems at path C:/Users/jonas/source/repos/Pain Train/Assets
GfxDevice: creating device client; threaded=0; jobified=0
Direct3D:
    Version:  Direct3D 11.0 [level 11.1]
    Renderer: NVIDIA GeForce RTX 4060 Laptop GPU (ID=0x28e0)
    Vendor:   NVIDIA
    VRAM:     7957 MB
    Driver:   32.0.15.5599
Initialize mono
Mono path[0] = 'C:/Program Files/Unity/Hub/Editor/2022.3.10f1/Editor/Data/Managed'
Mono path[1] = 'C:/Program Files/Unity/Hub/Editor/2022.3.10f1/Editor/Data/MonoBleedingEdge/lib/mono/unityjit-win32'
Mono config path = 'C:/Program Files/Unity/Hub/Editor/2022.3.10f1/Editor/Data/MonoBleedingEdge/etc'
Using monoOptions --debugger-agent=transport=dt_socket,embedding=1,server=y,suspend=n,address=127.0.0.1:56524
Begin MonoManager ReloadAssembly
Registering precompiled unity dll's ...
Register platform support module: C:/Program Files/Unity/Hub/Editor/2022.3.10f1/Editor/Data/PlaybackEngines/WebGLSupport/UnityEditor.WebGL.Extensions.dll
Register platform support module: C:/Program Files/Unity/Hub/Editor/2022.3.10f1/Editor/Data/PlaybackEngines/WindowsStandaloneSupport/UnityEditor.WindowsStandalone.Extensions.dll
Registered in 0.008114 seconds.
- Loaded All Assemblies, in  2.861 seconds
Native extension for WindowsStandalone target not found
Native extension for WebGL target not found
Mono: successfully reloaded assembly
- Finished resetting the current domain, in  0.342 seconds
Domain Reload Profiling: 3202ms
	BeginReloadAssembly (138ms)
		ExecutionOrderSort (0ms)
		DisableScriptedObjects (0ms)
		BackupInstance (0ms)
		ReleaseScriptingObjects (0ms)
		CreateAndSetChildDomain (1ms)
	RebuildCommonClasses (496ms)
	RebuildNativeTypeToScriptingClass (14ms)
	initialDomainReloadingComplete (72ms)
	LoadAllAssembliesAndSetupDomain (2140ms)
		LoadAssemblies (136ms)
		RebuildTransferFunctionScriptingTraits (0ms)
		AnalyzeDomain (2137ms)
			TypeCache.Refresh (2135ms)
				TypeCache.ScanAssembly (2120ms)
			ScanForSourceGeneratedMonoScriptInfo (0ms)
			ResolveRequiredComponents (1ms)
	FinalizeReload (342ms)
		ReleaseScriptCaches (0ms)
		RebuildScriptCaches (0ms)
		SetupLoadedEditorAssemblies (266ms)
			LogAssemblyErrors (0ms)
			InitializePlatformSupportModulesInManaged (14ms)
			SetLoadedEditorAssemblies (7ms)
			RefreshPlugins (0ms)
			BeforeProcessingInitializeOnLoad (3ms)
			ProcessInitializeOnLoadAttributes (162ms)
			ProcessInitializeOnLoadMethodAttributes (80ms)
			AfterProcessingInitializeOnLoad (0ms)
			EditorAssembliesLoaded (0ms)
		ExecutionOrderSort2 (0ms)
		AwakeInstancesAfterBackupRestoration (0ms)
========================================================================
Worker process is ready to serve import requests
Begin MonoManager ReloadAssembly
- Loaded All Assemblies, in  0.880 seconds
Refreshing native plugins compatible for Editor in 5.01 ms, found 3 plugins.
Native extension for WindowsStandalone target not found
Native extension for WebGL target not found
Package Manager log level set to [2]
[Package Manager] Server::EnsureServerProcessIsRunning -- launch failed, reason: Unity was launched with the -noUpm command-line argument
[Package Manager] UpmClient::Send -- Unable to send message (not connected to UPM process).
[Package Manager] Cannot connect to Unity Package Manager local server
Mono: successfully reloaded assembly
- Finished resetting the current domain, in  0.789 seconds
Domain Reload Profiling: 1667ms
	BeginReloadAssembly (177ms)
		ExecutionOrderSort (0ms)
		DisableScriptedObjects (6ms)
		BackupInstance (0ms)
		ReleaseScriptingObjects (0ms)
		CreateAndSetChildDomain (24ms)
	RebuildCommonClasses (41ms)
	RebuildNativeTypeToScriptingClass (11ms)
	initialDomainReloadingComplete (53ms)
	LoadAllAssembliesAndSetupDomain (595ms)
		LoadAssemblies (365ms)
		RebuildTransferFunctionScriptingTraits (0ms)
		AnalyzeDomain (330ms)
			TypeCache.Refresh (293ms)
				TypeCache.ScanAssembly (199ms)
			ScanForSourceGeneratedMonoScriptInfo (28ms)
			ResolveRequiredComponents (8ms)
	FinalizeReload (790ms)
		ReleaseScriptCaches (0ms)
		RebuildScriptCaches (0ms)
		SetupLoadedEditorAssemblies (609ms)
			LogAssemblyErrors (0ms)
			InitializePlatformSupportModulesInManaged (9ms)
			SetLoadedEditorAssemblies (4ms)
			RefreshPlugins (0ms)
			BeforeProcessingInitializeOnLoad (81ms)
			ProcessInitializeOnLoadAttributes (441ms)
			ProcessInitializeOnLoadMethodAttributes (68ms)
			AfterProcessingInitializeOnLoad (6ms)
			EditorAssembliesLoaded (0ms)
		ExecutionOrderSort2 (0ms)
		AwakeInstancesAfterBackupRestoration (11ms)
Launched and connected shader compiler UnityShaderCompiler.exe after 0.07 seconds
Refreshing native plugins compatible for Editor in 5.13 ms, found 3 plugins.
Preloading 0 native plugins for Editor in 0.00 ms.
Unloading 5491 Unused Serialized files (Serialized files now loaded: 0)
Unloading 80 unused Assets / (467.1 KB). Loaded Objects now: 5948.
Memory consumption went from 179.7 MB to 179.3 MB.
Total: 4.995700 ms (FindLiveObjects: 0.605200 ms CreateObjectMapping: 0.324000 ms MarkObjects: 3.850200 ms  DeleteObjects: 0.214100 ms)

AssetImportParameters requested are different than current active one (requested -> active):
  custom:container-demuxer-ogg: 62fdf1f143b41e24485cea50d1cbac27 -> 
  custom:video-codec-MediaFoundation-h265: 746d11721c4dcdbdad8f713fa42b33f4 -> 
  custom:video-decoder-ogg-theora: a1e56fd34408186e4bbccfd4996cb3dc -> 
  custom:framework-win-MediaFoundation: 216162199b28c13a410421893ffa2e32 -> 
  custom:CustomObjectIndexerAttribute: 756ad292c208cfabdd7b50bc23989ffe -> 
  custom:container-demuxer-webm: 4f35f7cbe854078d1ac9338744f61a02 -> 
  custom:container-muxer-webm: aa71ff27fc2769a1b78a27578f13a17b -> 
  custom:video-decoder-webm-vp8: 9c59270c3fd7afecdb556c50c9e8de78 -> 
  custom:SearchIndexIgnoredProperties: e643bd26f0fe6173181afceb89e7c659 -> 
  custom:AudioImporter_EditorPlatform: d09bf68614088b80899f8185d706f6e7 -> 
  custom:video-encoder-webm-vp8: eb34c28f22e8b96e1ab97ce403110664 -> 
  custom:audio-decoder-ogg-vorbis: bf7c407c2cedff20999df2af8eb42d56 -> 
  custom:audio-encoder-webm-vorbis: bf7c407c2cedff20999df2af8eb42d56 -> 
========================================================================
Received Import Request.
  Time since last request: 345172.666705 seconds.
  path: Assets/Ouroboros/Stylized Textures - Mini Set/Materials/m_stylized_ground.mat
  artifactKey: Guid(c2e4dd81d54568f4ba794504fa4bab67) Importer(815301076,1909f56bfc062723c751e8b465ee728b)
Start importing Assets/Ouroboros/Stylized Textures - Mini Set/Materials/m_stylized_ground.mat using Guid(c2e4dd81d54568f4ba794504fa4bab67) Importer(815301076,1909f56bfc062723c751e8b465ee728b)  -> (artifact id: '8b65ebdfd230cbc0877ad5273d1b89e1') in 0.340088 seconds
Number of updated asset objects reloaded before import = 0
Number of asset objects unloaded after import = 1
========================================================================
Received Import Request.
  Time since last request: 0.000038 seconds.
  path: Assets/Prefabs/Object/PolygonApocalypse/Models/Shattered_Seat_3.fbx
  artifactKey: Guid(dacd5df74d14bda4db101e1bedf1df90) Importer(815301076,1909f56bfc062723c751e8b465ee728b)
Start importing Assets/Prefabs/Object/PolygonApocalypse/Models/Shattered_Seat_3.fbx using Guid(dacd5df74d14bda4db101e1bedf1df90) Importer(815301076,1909f56bfc062723c751e8b465ee728b)  -> (artifact id: '28f73cc0b71eed77f662bb17c375f8bc') in 0.530219 seconds
Number of updated asset objects reloaded before import = 0
Number of asset objects unloaded after import = 255
========================================================================
Received Import Request.
  Time since last request: 0.000024 seconds.
  path: Assets/Ouroboros/Stylized Textures - Mini Set/Demo/Sources/m_demo_skybox.mat
  artifactKey: Guid(0096fe6f5c4200844be4c9866fa3c189) Importer(815301076,1909f56bfc062723c751e8b465ee728b)
Start importing Assets/Ouroboros/Stylized Textures - Mini Set/Demo/Sources/m_demo_skybox.mat using Guid(0096fe6f5c4200844be4c9866fa3c189) Importer(815301076,1909f56bfc062723c751e8b465ee728b)  -> (artifact id: '8956f8d24638f6f50a769e75ec8e10e1') in 0.101650 seconds
Number of updated asset objects reloaded before import = 0
Number of asset objects unloaded after import = 1
========================================================================
Received Import Request.
  Time since last request: 0.000030 seconds.
  path: Assets/Material/9t5 PBR Textures Pack Freebies/Textures/Foliage 1/Foliage 1.mat
  artifactKey: Guid(930f832d4badb0047b487bcefa991e8e) Importer(815301076,1909f56bfc062723c751e8b465ee728b)
Start importing Assets/Material/9t5 PBR Textures Pack Freebies/Textures/Foliage 1/Foliage 1.mat using Guid(930f832d4badb0047b487bcefa991e8e) Importer(815301076,1909f56bfc062723c751e8b465ee728b)  -> (artifact id: 'daff1990a6a0d28eb19a72b4a787a875') in 0.300308 seconds
Number of updated asset objects reloaded before import = 0
Number of asset objects unloaded after import = 6
========================================================================
Received Import Request.
  Time since last request: 0.000034 seconds.
  path: Assets/Prefabs/Object/Box/Box_Type/shattered Box(Long).fbx
  artifactKey: Guid(6c5ad5fd80169564ea9ad1573d884e1f) Importer(815301076,1909f56bfc062723c751e8b465ee728b)
Start importing Assets/Prefabs/Object/Box/Box_Type/shattered Box(Long).fbx using Guid(6c5ad5fd80169564ea9ad1573d884e1f) Importer(815301076,1909f56bfc062723c751e8b465ee728b)  -> (artifact id: '1dc0033b23731d147ea153cd60e65b6c') in 0.126732 seconds
Number of updated asset objects reloaded before import = 0
Number of asset objects unloaded after import = 60
========================================================================
Received Import Request.
  Time since last request: 0.000037 seconds.
  path: Assets/Animations/Enemy/kidNinja1nokatana@Slow Run.fbx
  artifactKey: Guid(74b9a61952b3c1049aa9dfaad9b47eee) Importer(815301076,1909f56bfc062723c751e8b465ee728b)
Start importing Assets/Animations/Enemy/kidNinja1nokatana@Slow Run.fbx using Guid(74b9a61952b3c1049aa9dfaad9b47eee) Importer(815301076,1909f56bfc062723c751e8b465ee728b)  -> (artifact id: 'ab1525590b5067f6a557e8c473cb40be') in 0.290142 seconds
Number of updated asset objects reloaded before import = 0
Number of asset objects unloaded after import = 142
========================================================================
Received Import Request.
  Time since last request: 0.000025 seconds.
  path: Assets/Prefabs/Object/Möbel/Counter.fbx
  artifactKey: Guid(ba1ec8b8ddf26ed41b46e92e6fb9aad4) Importer(815301076,1909f56bfc062723c751e8b465ee728b)
Start importing Assets/Prefabs/Object/Möbel/Counter.fbx using Guid(ba1ec8b8ddf26ed41b46e92e6fb9aad4) Importer(815301076,1909f56bfc062723c751e8b465ee728b)  -> (artifact id: '5a2271646b5a793b06475fd79b4781d6') in 0.324886 seconds
Number of updated asset objects reloaded before import = 0
Number of asset objects unloaded after import = 8
========================================================================
Received Import Request.
  Time since last request: 0.000092 seconds.
  path: Assets/Animations/Enemy/kidNinja1nokatana@RightPunch.fbx
  artifactKey: Guid(cce012c95989d2c4184f3c40742b951d) Importer(815301076,1909f56bfc062723c751e8b465ee728b)
Start importing Assets/Animations/Enemy/kidNinja1nokatana@RightPunch.fbx using Guid(cce012c95989d2c4184f3c40742b951d) Importer(815301076,1909f56bfc062723c751e8b465ee728b)  -> (artifact id: '22898a06af9bcb12f8dcc0547608fadb') in 0.052356 seconds
Number of updated asset objects reloaded before import = 0
Number of asset objects unloaded after import = 142
========================================================================
Received Import Request.
  Time since last request: 0.000025 seconds.
  path: Assets/Animations/Enemy/kidNinja1nokatana@Walking.fbx
  artifactKey: Guid(87767d76feb55c14fa707ebd16f9340c) Importer(815301076,1909f56bfc062723c751e8b465ee728b)
Start importing Assets/Animations/Enemy/kidNinja1nokatana@Walking.fbx using Guid(87767d76feb55c14fa707ebd16f9340c) Importer(815301076,1909f56bfc062723c751e8b465ee728b)  -> (artifact id: '2d01f066c79fb812937e0ec545f7eeae') in 0.054707 seconds
Number of updated asset objects reloaded before import = 0
Number of asset objects unloaded after import = 142
Editor requested this worker to shutdown with reason: Scaling down because of idle timeout
TcpMessagingSession - receive error
AssetImportWorkerClient::OnTransportError - code=2 error=End of file
AssetImportWorker is now disconnected from the server
Process exiting
Exiting without the bug reporter. Application will terminate with return code 0